[2024-04-17 13:52:11] [WARNING]: no usable sign server 
[2024-04-17 13:52:11] [WARNING]: 警告: 未配置签名服务器或签名服务器不可用, 这可能会导致登录 45 错误码或发送消息被风控 
[2024-04-17 13:52:18] [WARNING]: 登录需要滑条验证码, 请验证后重试. 
[2024-04-17 13:52:18] [WARNING]: 请选择提交滑块ticket方式: 
[2024-04-17 13:52:18] [WARNING]: 1. 自动提交 
[2024-04-17 13:52:18] [WARNING]: 2. 手动抓取提交 
[2024-04-17 13:52:18] [WARNING]: 请输入(1 - 2)： 
[2024-04-17 13:53:18] [WARNING]: 请前往该地址验证 -> https://ti.qq.com/safe/tools/captcha/sms-verify-login?aid=16&uin=348734617&sid=379034623681717138&cap_cd=b6uapGVcHTmbl_VOc52rXaV7LiJIp2MxdxRsC0-LnYteXymVVFLUng**&clientype=1&apptype=2  
[2024-04-17 13:53:18] [WARNING]: 请输入ticket： (Enter 提交) 
[2024-04-17 13:54:16] [WARNING]: 登录失败: 当前网络不稳定，登录失败。推荐使用常用设备或通过手机号登录。 Code: 237 
[2024-04-17 13:54:16] [WARNING]: 登录过于频繁, 请在手机QQ登录并根据提示完成认证后等一段时间重试 
[2024-04-17 14:14:16] [ERROR]: Protocol -> unexpected disconnect: EOF 
[2024-04-17 14:14:17] [ERROR]: Protocol -> parse incoming packet error: return code unsuccessful: -10005 
[2024-04-17 14:14:31] [ERROR]: Protocol -> parse incoming packet error: return code unsuccessful: -10005 
[2024-04-17 14:14:46] [ERROR]: Protocol -> register client failed: Packet timed out 
[2024-04-17 14:36:06] [WARNING]: no usable sign server 
[2024-04-17 14:36:06] [WARNING]: 警告: 未配置签名服务器或签名服务器不可用, 这可能会导致登录 45 错误码或发送消息被风控 
[2024-04-17 14:36:12] [WARNING]: 登录需要滑条验证码, 请验证后重试. 
[2024-04-17 14:36:12] [WARNING]: 请选择提交滑块ticket方式: 
[2024-04-17 14:36:12] [WARNING]: 1. 自动提交 
[2024-04-17 14:36:12] [WARNING]: 2. 手动抓取提交 
[2024-04-17 14:36:12] [WARNING]: 请输入(1 - 2)： 
[2024-04-17 14:36:15] [WARNING]: 请前往该地址验证 -> https://ti.qq.com/safe/tools/captcha/sms-verify-login?aid=16&uin=348734617&sid=8095633941557374428&cap_cd=Id_ZMqWEfQUt8sdbrhQbK8PDHznA6y47X4557NwH-ZHSDXDTfzprew**&clientype=1&apptype=2  
[2024-04-17 14:36:15] [WARNING]: 请输入ticket： (Enter 提交) 
[2024-04-17 14:36:26] [WARNING]: 登录失败: 当前网络不稳定，登录失败。推荐使用常用设备或通过手机号登录。 Code: 237 
[2024-04-17 14:36:26] [WARNING]: 登录过于频繁, 请在手机QQ登录并根据提示完成认证后等一段时间重试 
[2024-04-17 14:38:20] [WARNING]: no usable sign server 
[2024-04-17 14:38:20] [WARNING]: 警告: 未配置签名服务器或签名服务器不可用, 这可能会导致登录 45 错误码或发送消息被风控 
[2024-04-17 14:38:27] [WARNING]: 登录需要滑条验证码, 请验证后重试. 
[2024-04-17 14:38:27] [WARNING]: 请选择提交滑块ticket方式: 
[2024-04-17 14:38:27] [WARNING]: 1. 自动提交 
[2024-04-17 14:38:27] [WARNING]: 2. 手动抓取提交 
[2024-04-17 14:38:27] [WARNING]: 请输入(1 - 2)： 
[2024-04-17 14:38:29] [WARNING]: 请前往该地址验证 -> https://ti.qq.com/safe/tools/captcha/sms-verify-login?aid=16&uin=348734617&sid=1245986859144670819&cap_cd=Ec8bhdWomFJZfe0Db6SalB_uPA15tC9UEt6XvUpT-wLgnW2585B_dQ**&clientype=1&apptype=2  
[2024-04-17 14:38:29] [WARNING]: 请输入ticket： (Enter 提交) 
[2024-04-17 14:38:43] [WARNING]: 登录失败: 当前网络不稳定，登录失败。推荐使用常用设备或通过手机号登录。 Code: 237 
[2024-04-17 14:38:43] [WARNING]: 登录过于频繁, 请在手机QQ登录并根据提示完成认证后等一段时间重试 
[2024-04-17 14:38:54] [WARNING]: no usable sign server 
[2024-04-17 14:38:54] [WARNING]: 警告: 未配置签名服务器或签名服务器不可用, 这可能会导致登录 45 错误码或发送消息被风控 
[2024-04-17 14:39:00] [WARNING]: 登录需要滑条验证码, 请验证后重试. 
[2024-04-17 14:39:00] [WARNING]: 请选择提交滑块ticket方式: 
[2024-04-17 14:39:00] [WARNING]: 1. 自动提交 
[2024-04-17 14:39:00] [WARNING]: 2. 手动抓取提交 
[2024-04-17 14:39:00] [WARNING]: 请输入(1 - 2)： 
[2024-04-17 14:39:01] [WARNING]: 请前往该地址验证 -> https://ti.qq.com/safe/tools/captcha/sms-verify-login?aid=16&uin=348734617&sid=6267414003150974595&cap_cd=ezZjz6DFDn1paJlopBlB2RM81CJ3ZqLBaL9DL_r8FcTznQnJfHBtDQ**&clientype=1&apptype=2  
[2024-04-17 14:39:48] [WARNING]: no usable sign server 
[2024-04-17 14:39:48] [WARNING]: 警告: 未配置签名服务器或签名服务器不可用, 这可能会导致登录 45 错误码或发送消息被风控 
[2024-04-17 14:39:54] [WARNING]: 登录需要滑条验证码, 请验证后重试. 
[2024-04-17 14:39:54] [WARNING]: 请选择提交滑块ticket方式: 
[2024-04-17 14:39:54] [WARNING]: 1. 自动提交 
[2024-04-17 14:39:54] [WARNING]: 2. 手动抓取提交 
[2024-04-17 14:39:54] [WARNING]: 请输入(1 - 2)： 
[2024-04-17 14:39:58] [WARNING]: 请前往该地址验证 -> https://ti.qq.com/safe/tools/captcha/sms-verify-login?aid=16&uin=348734617&sid=1298521254136868538&cap_cd=k83_NnE00nFOPAFGBtMbh1tM5lg4RQgiO3W25EG58b1iU-ZWYegWOg**&clientype=1&apptype=2  
[2024-04-17 14:39:58] [WARNING]: 请输入ticket： (Enter 提交) 
[2024-04-17 14:40:11] [WARNING]: 登录失败: 当前网络不稳定，登录失败。推荐使用常用设备或通过手机号登录。 Code: 237 
[2024-04-17 14:40:11] [WARNING]: 登录过于频繁, 请在手机QQ登录并根据提示完成认证后等一段时间重试 
[2024-04-17 14:44:10] [WARNING]: no usable sign server 
[2024-04-17 14:44:10] [WARNING]: 警告: 未配置签名服务器或签名服务器不可用, 这可能会导致登录 45 错误码或发送消息被风控 
[2024-04-17 14:44:16] [WARNING]: 登录需要滑条验证码, 请验证后重试. 
[2024-04-17 14:44:16] [WARNING]: 请选择提交滑块ticket方式: 
[2024-04-17 14:44:16] [WARNING]: 1. 自动提交 
[2024-04-17 14:44:16] [WARNING]: 2. 手动抓取提交 
[2024-04-17 14:44:16] [WARNING]: 请输入(1 - 2)： 
[2024-04-17 14:44:18] [WARNING]: 请前往该地址验证 -> https://ti.qq.com/safe/tools/captcha/sms-verify-login?aid=16&uin=2198760855&sid=6955691978442895296&cap_cd=3iNYD5GYCy_GzyJ4E7ZdANpvhXh6v-HZ8HmNte-odwSL7oNWe7kJ7A**&clientype=1&apptype=2  
[2024-04-17 14:44:18] [WARNING]: 请输入ticket： (Enter 提交) 
[2024-04-17 14:46:45] [WARNING]: no usable sign server 
[2024-04-17 14:46:45] [WARNING]: 警告: 未配置签名服务器或签名服务器不可用, 这可能会导致登录 45 错误码或发送消息被风控 
[2024-04-17 14:46:50] [WARNING]: 登录需要滑条验证码, 请验证后重试. 
[2024-04-17 14:46:50] [WARNING]: 请选择提交滑块ticket方式: 
[2024-04-17 14:46:50] [WARNING]: 1. 自动提交 
[2024-04-17 14:46:50] [WARNING]: 2. 手动抓取提交 
[2024-04-17 14:46:50] [WARNING]: 请输入(1 - 2)： 
[2024-04-17 14:46:52] [WARNING]: 请前往该地址验证 -> https://ti.qq.com/safe/tools/captcha/sms-verify-login?aid=16&uin=2198760855&sid=2730958538877661274&cap_cd=JNretc9SEPqz6KamUdHhKPW7irlPMbuedSqsb0jUaF8NmCmBismIcA**&clientype=1&apptype=2  
[2024-04-17 14:51:11] [WARNING]: no usable sign server 
[2024-04-17 14:51:11] [WARNING]: 警告: 未配置签名服务器或签名服务器不可用, 这可能会导致登录 45 错误码或发送消息被风控 
[2024-04-17 14:51:17] [WARNING]: 登录需要滑条验证码, 请验证后重试. 
[2024-04-17 14:51:17] [WARNING]: 请选择提交滑块ticket方式: 
[2024-04-17 14:51:17] [WARNING]: 1. 自动提交 
[2024-04-17 14:51:17] [WARNING]: 2. 手动抓取提交 
[2024-04-17 14:51:17] [WARNING]: 请输入(1 - 2)： 
[2024-04-17 14:51:26] [WARNING]: no usable sign server 
[2024-04-17 14:51:26] [WARNING]: 警告: 未配置签名服务器或签名服务器不可用, 这可能会导致登录 45 错误码或发送消息被风控 
[2024-04-17 14:51:32] [WARNING]: 登录失败: 当前应用版本过低，请升级至最新版或联系客服沟通。 Code: 235 
[2024-04-17 14:51:32] [WARNING]: 设备信息被封禁, 请删除 device.json 后重试. 
[2024-04-17 14:53:03] [WARNING]: no usable sign server 
[2024-04-17 14:53:03] [WARNING]: 警告: 未配置签名服务器或签名服务器不可用, 这可能会导致登录 45 错误码或发送消息被风控 
[2024-04-17 14:53:10] [WARNING]: 登录需要滑条验证码, 请验证后重试. 
[2024-04-17 14:53:10] [WARNING]: 请选择提交滑块ticket方式: 
[2024-04-17 14:53:10] [WARNING]: 1. 自动提交 
[2024-04-17 14:53:10] [WARNING]: 2. 手动抓取提交 
[2024-04-17 14:53:10] [WARNING]: 请输入(1 - 2)： 
[2024-04-17 14:53:14] [WARNING]: 请前往该地址验证 -> https://ti.qq.com/safe/tools/captcha/sms-verify-login?aid=16&uin=2198760855&sid=1301336940206846422&cap_cd=ExLj4MPCsBNxiw25aX-g1vL9zfsTZe8p8U5ULmZDaAwLodKqv78vRw**&clientype=1&apptype=2  
[2024-04-17 14:53:14] [WARNING]: 请输入ticket： (Enter 提交) 
[2024-04-17 14:53:25] [WARNING]: 登录失败: 当前网络不稳定，登录失败。推荐使用常用设备或通过手机号登录。 Code: 237 
[2024-04-17 14:53:25] [WARNING]: 登录过于频繁, 请在手机QQ登录并根据提示完成认证后等一段时间重试 
[2024-04-17 15:13:25] [ERROR]: Protocol -> unexpected disconnect: EOF 
[2024-04-17 15:13:25] [ERROR]: Protocol -> parse incoming packet error: return code unsuccessful: -10005 
[2024-04-17 15:13:40] [ERROR]: Protocol -> parse incoming packet error: return code unsuccessful: -10005 
[2024-04-17 15:13:55] [ERROR]: Protocol -> register client failed: Packet timed out 
[2024-04-17 16:06:29] [WARNING]: no usable sign server 
[2024-04-17 16:06:29] [WARNING]: 警告: 未配置签名服务器或签名服务器不可用, 这可能会导致登录 45 错误码或发送消息被风控 
[2024-04-17 16:06:30] [WARNING]: 登录需要滑条验证码, 请验证后重试. 
[2024-04-17 16:06:30] [WARNING]: 请选择提交滑块ticket方式: 
[2024-04-17 16:06:30] [WARNING]: 1. 自动提交 
[2024-04-17 16:06:30] [WARNING]: 2. 手动抓取提交 
[2024-04-17 16:06:30] [WARNING]: 请输入(1 - 2)： 
[2024-04-17 16:06:36] [WARNING]: 请前往该地址验证 -> https://ti.qq.com/safe/tools/captcha/sms-verify-login?aid=16&uin=368734617&sid=3728077136999711494&cap_cd=-zoq0_UPhmEIYa_-_jbI8PuNQyD-_0DE3gnfB_peq80z9U3QKTrQhw**&clientype=1&apptype=2  
[2024-04-17 16:06:36] [WARNING]: 请输入ticket： (Enter 提交) 
[2024-04-17 16:07:07] [WARNING]: 登录失败: 当前网络不稳定，登录失败。推荐使用常用设备或通过手机号登录。 Code: 237 
[2024-04-17 16:07:07] [WARNING]: 登录过于频繁, 请在手机QQ登录并根据提示完成认证后等一段时间重试 
[2024-04-17 16:07:18] [WARNING]: no usable sign server 
[2024-04-17 16:07:18] [WARNING]: 警告: 未配置签名服务器或签名服务器不可用, 这可能会导致登录 45 错误码或发送消息被风控 
[2024-04-17 16:07:24] [WARNING]: 登录需要滑条验证码, 请验证后重试. 
[2024-04-17 16:07:24] [WARNING]: 请选择提交滑块ticket方式: 
[2024-04-17 16:07:24] [WARNING]: 1. 自动提交 
[2024-04-17 16:07:24] [WARNING]: 2. 手动抓取提交 
[2024-04-17 16:07:24] [WARNING]: 请输入(1 - 2)： 
[2024-04-17 16:07:27] [WARNING]: 请前往该地址验证 -> https://ti.qq.com/safe/tools/captcha/sms-verify-login?aid=16&uin=368734617&sid=6444391403347739452&cap_cd=lDmQfm1LrLZShP17enrSi_laRLG8tlWOg6axCcUNzSqpOc4XWxMOlA**&clientype=1&apptype=2  
[2024-04-17 16:08:37] [WARNING]: no usable sign server 
[2024-04-17 16:08:37] [WARNING]: 警告: 未配置签名服务器或签名服务器不可用, 这可能会导致登录 45 错误码或发送消息被风控 
[2024-04-17 16:08:37] [WARNING]: 登录需要滑条验证码, 请验证后重试. 
[2024-04-17 16:08:37] [WARNING]: 请选择提交滑块ticket方式: 
[2024-04-17 16:08:37] [WARNING]: 1. 自动提交 
[2024-04-17 16:08:37] [WARNING]: 2. 手动抓取提交 
[2024-04-17 16:08:37] [WARNING]: 请输入(1 - 2)： 
[2024-04-17 16:08:38] [WARNING]: 请前往该地址验证 -> https://ti.qq.com/safe/tools/captcha/sms-verify-login?aid=16&uin=368734617&sid=1241810656284345221&cap_cd=GEqCiMjP-mWGLElFbtR61saptYfGW0KXNDYq3u5dzY5ASM8c3Pz8nw**&clientype=1&apptype=2  
[2024-04-17 16:08:38] [WARNING]: 请输入ticket： (Enter 提交) 
[2024-04-17 16:10:35] [WARNING]: 账号已开启设备锁，请选择验证方式: 
[2024-04-17 16:10:35] [WARNING]: 1. 向手机 187*******2 发送短信验证码 
[2024-04-17 16:10:35] [WARNING]: 2. 使用手机QQ扫码验证. 
[2024-04-17 16:10:35] [WARNING]: 请输入(1 - 2)： 
[2024-04-17 16:10:39] [WARNING]: 账号已开启设备锁，请前往 -> https://accounts.qq.com/safe/verify?_wv=2&_wwv=128&envfrom=double-check&uin=368734617&sig=4EJG1%2BjC4fmj2dd1%2F5M%2BKamRe2oOnZ8AOinDqXOnHPPOojKnfU7YA7toXgRKmQ%2FoZos852pPY4t8WPOPRKAJeggnnKWfdwBAyxQKNax6Iac%3D <- 验证后重启Bot. 
[2024-04-17 16:11:46] [WARNING]: no usable sign server 
[2024-04-17 16:11:46] [WARNING]: 警告: 未配置签名服务器或签名服务器不可用, 这可能会导致登录 45 错误码或发送消息被风控 
[2024-04-17 16:11:46] [WARNING]: 登录需要滑条验证码, 请验证后重试. 
[2024-04-17 16:11:46] [WARNING]: 请选择提交滑块ticket方式: 
[2024-04-17 16:11:46] [WARNING]: 1. 自动提交 
[2024-04-17 16:11:46] [WARNING]: 2. 手动抓取提交 
[2024-04-17 16:11:46] [WARNING]: 请输入(1 - 2)： 
[2024-04-17 16:11:48] [WARNING]: 请前往该地址验证 -> https://ti.qq.com/safe/tools/captcha/sms-verify-login?aid=16&uin=368734617&sid=4659784474125370434&cap_cd=zq48hYm1x49YXG1J3YTsWZE3-K9_iu2AY0CTptBkYPf2AGyzk0r3eA**&clientype=1&apptype=2  
[2024-04-17 16:11:48] [WARNING]: 请输入ticket： (Enter 提交) 
[2024-04-17 16:12:07] [WARNING]: 登录失败: 当前网络不稳定，登录失败。推荐使用常用设备或通过手机号登录。 Code: 237 
[2024-04-17 16:12:07] [WARNING]: 登录过于频繁, 请在手机QQ登录并根据提示完成认证后等一段时间重试 
[2024-04-17 16:13:07] [WARNING]: no usable sign server 
[2024-04-17 16:13:07] [WARNING]: 警告: 未配置签名服务器或签名服务器不可用, 这可能会导致登录 45 错误码或发送消息被风控 
[2024-04-17 16:13:08] [WARNING]: 登录需要滑条验证码, 请验证后重试. 
[2024-04-17 16:13:08] [WARNING]: 请选择提交滑块ticket方式: 
[2024-04-17 16:13:08] [WARNING]: 1. 自动提交 
[2024-04-17 16:13:08] [WARNING]: 2. 手动抓取提交 
[2024-04-17 16:13:08] [WARNING]: 请输入(1 - 2)： 
[2024-04-17 16:13:09] [WARNING]: 请前往该地址验证 -> https://ti.qq.com/safe/tools/captcha/sms-verify-login?aid=16&uin=368734617&sid=2417750952214758548&cap_cd=mOMF5tYd_iVGttAnIqjoP_YXiOhhUdbQQ_7ByTY34H_wzxgZ_upFzw**&clientype=1&apptype=2  
[2024-04-17 16:13:09] [WARNING]: 请输入ticket： (Enter 提交) 
[2024-04-17 16:13:26] [WARNING]: Protocol -> device lock is disabled. HTTP API may fail. 
[2024-04-17 16:15:10] [WARNING]: 警告: 本地连接媒体服务器丢包率为 100%, 可能导致无法上传/下载媒体文件, 无法上传群共享, 无法发送消息等情况, 请检查本地网络状态. 
[2024-04-17 16:16:16] [WARNING]: no usable sign server 
[2024-04-17 16:16:16] [WARNING]: 警告: 未配置签名服务器或签名服务器不可用, 这可能会导致登录 45 错误码或发送消息被风控 
[2024-04-17 16:16:21] [WARNING]: Protocol -> device lock is disabled. HTTP API may fail. 
[2024-04-17 16:41:27] [WARNING]: no usable sign server 
[2024-04-17 16:41:27] [WARNING]: 警告: 未配置签名服务器或签名服务器不可用, 这可能会导致登录 45 错误码或发送消息被风控 
[2024-04-17 16:41:32] [WARNING]: Protocol -> device lock is disabled. HTTP API may fail. 
[2024-04-17 16:41:35] [WARNING]: 检查更新失败！ 
[2024-04-17 16:44:50] [WARNING]: no usable sign server 
[2024-04-17 16:44:50] [WARNING]: 警告: 未配置签名服务器或签名服务器不可用, 这可能会导致登录 45 错误码或发送消息被风控 
[2024-04-17 16:44:55] [WARNING]: Protocol -> device lock is disabled. HTTP API may fail. 
[2024-04-17 16:44:58] [WARNING]: 检查更新失败！ 
[2024-04-17 16:46:42] [WARNING]: no usable sign server 
[2024-04-17 16:46:42] [WARNING]: 警告: 未配置签名服务器或签名服务器不可用, 这可能会导致登录 45 错误码或发送消息被风控 
[2024-04-17 16:46:42] [WARNING]: Protocol -> device lock is disabled. HTTP API may fail. 
[2024-04-17 16:56:26] [WARNING]: no usable sign server 
[2024-04-17 16:56:26] [WARNING]: 警告: 未配置签名服务器或签名服务器不可用, 这可能会导致登录 45 错误码或发送消息被风控 
[2024-04-17 16:56:26] [WARNING]: Protocol -> device lock is disabled. HTTP API may fail. 
[2024-04-17 16:56:30] [WARNING]: 检查更新失败！ 
[2024-04-17 16:57:19] [WARNING]: no usable sign server 
[2024-04-17 16:57:19] [WARNING]: 警告: 未配置签名服务器或签名服务器不可用, 这可能会导致登录 45 错误码或发送消息被风控 
[2024-04-17 16:57:20] [WARNING]: Protocol -> device lock is disabled. HTTP API may fail. 
[2024-04-17 16:57:22] [WARNING]: 检查更新失败: Get "https://api.github.com/repos/Mrs4s/go-cqhttp/releases/latest": EOF 
[2024-04-17 17:03:51] [WARNING]: no usable sign server 
[2024-04-17 17:03:51] [WARNING]: 警告: 未配置签名服务器或签名服务器不可用, 这可能会导致登录 45 错误码或发送消息被风控 
[2024-04-17 17:03:51] [WARNING]: Protocol -> device lock is disabled. HTTP API may fail. 
[2024-04-17 17:04:01] [ERROR]: Protocol -> test srv server latency error: failed to connect to server during quality test: dial tcp 106.39.206.82:8080: i/o timeout 
[2024-04-17 17:04:16] [WARNING]: no usable sign server 
[2024-04-17 17:04:16] [WARNING]: 警告: 未配置签名服务器或签名服务器不可用, 这可能会导致登录 45 错误码或发送消息被风控 
[2024-04-17 17:04:16] [WARNING]: Protocol -> device lock is disabled. HTTP API may fail. 
[2024-04-17 17:06:19] [WARNING]: no usable sign server 
[2024-04-17 17:06:19] [WARNING]: 警告: 未配置签名服务器或签名服务器不可用, 这可能会导致登录 45 错误码或发送消息被风控 
[2024-04-17 17:06:24] [WARNING]: Protocol -> device lock is disabled. HTTP API may fail. 
[2024-04-17 17:06:27] [WARNING]: 检查更新失败: Get "https://api.github.com/repos/Mrs4s/go-cqhttp/releases/latest": proxyconnect tcp: dial tcp 127.0.0.1:7890: connect: connection refused 
[2024-04-17 17:17:39] [WARNING]: no usable sign server 
[2024-04-17 17:17:39] [WARNING]: 警告: 未配置签名服务器或签名服务器不可用, 这可能会导致登录 45 错误码或发送消息被风控 
[2024-04-17 17:17:40] [WARNING]: Protocol -> device lock is disabled. HTTP API may fail. 
[2024-04-17 17:26:48] [WARNING]: no usable sign server 
[2024-04-17 17:26:48] [WARNING]: 警告: 未配置签名服务器或签名服务器不可用, 这可能会导致登录 45 错误码或发送消息被风控 
[2024-04-17 17:26:48] [WARNING]: Protocol -> device lock is disabled. HTTP API may fail. 
