[2024-04-15 15:38:11] [WARNING]: 虚拟设备信息不存在, 将自动生成随机设备. 
[2024-04-15 15:38:11] [WARNING]: no usable sign server 
[2024-04-15 15:38:11] [WARNING]: 警告: 未配置签名服务器或签名服务器不可用, 这可能会导致登录 45 错误码或发送消息被风控 
[2024-04-15 15:38:19] [WARNING]: 登录需要滑条验证码, 请验证后重试. 
[2024-04-15 15:38:19] [WARNING]: 请选择提交滑块ticket方式: 
[2024-04-15 15:38:19] [WARNING]: 1. 自动提交 
[2024-04-15 15:38:19] [WARNING]: 2. 手动抓取提交 
[2024-04-15 15:38:19] [WARNING]: 请输入(1 - 2)： 
[2024-04-15 15:38:21] [WARNING]: 请前往该地址验证 -> https://ti.qq.com/safe/tools/captcha/sms-verify-login?aid=16&uin=348734617&sid=8951040527539427691&cap_cd=8Lr6HdmSUwUx4v5udDuREdZ0AC1QxI4q3hjYvSkNq86B11T5wnPc7Q**&clientype=1&apptype=2  
[2024-04-15 15:39:31] [WARNING]: no usable sign server 
[2024-04-15 15:39:31] [WARNING]: 警告: 未配置签名服务器或签名服务器不可用, 这可能会导致登录 45 错误码或发送消息被风控 
[2024-04-15 15:39:42] [WARNING]: 登录需要滑条验证码, 请验证后重试. 
[2024-04-15 15:39:42] [WARNING]: 请选择提交滑块ticket方式: 
[2024-04-15 15:39:42] [WARNING]: 1. 自动提交 
[2024-04-15 15:39:42] [WARNING]: 2. 手动抓取提交 
[2024-04-15 15:39:42] [WARNING]: 请输入(1 - 2)： 
[2024-04-15 15:39:44] [WARNING]: 请前往该地址验证 -> https://ti.qq.com/safe/tools/captcha/sms-verify-login?aid=16&uin=348734617&sid=8574687403977791934&cap_cd=oHO9fEtQQ-_XQSV-1Kbq8pzLsA3q6pilEGJHKvcROAbogw8ZTvzwSQ**&clientype=1&apptype=2  
[2024-04-15 15:39:44] [WARNING]: 请输入ticket： (Enter 提交) 
[2024-04-15 15:39:54] [WARNING]: 登录失败: 当前网络不稳定，登录失败。推荐使用常用设备或通过手机号登录。 Code: 237 
[2024-04-15 15:39:54] [WARNING]: 登录过于频繁, 请在手机QQ登录并根据提示完成认证后等一段时间重试 
[2024-04-15 16:08:29] [WARNING]: no usable sign server 
[2024-04-15 16:08:29] [WARNING]: 警告: 未配置签名服务器或签名服务器不可用, 这可能会导致登录 45 错误码或发送消息被风控 
[2024-04-15 16:08:36] [WARNING]: 登录需要滑条验证码, 请验证后重试. 
[2024-04-15 16:08:36] [WARNING]: 请选择提交滑块ticket方式: 
[2024-04-15 16:08:36] [WARNING]: 1. 自动提交 
[2024-04-15 16:08:36] [WARNING]: 2. 手动抓取提交 
[2024-04-15 16:08:36] [WARNING]: 请输入(1 - 2)： 
[2024-04-15 16:08:38] [WARNING]: 请前往该地址验证 -> https://ti.qq.com/safe/tools/captcha/sms-verify-login?aid=16&uin=348734617&sid=1508416997381955715&cap_cd=BiTuPqwbpEpX2iYYguUhlKBGP5unYbKZJ9fkCs8d6rtquqSNHYHLUw**&clientype=1&apptype=2  
[2024-04-15 16:08:38] [WARNING]: 请输入ticket： (Enter 提交) 
[2024-04-15 16:08:54] [WARNING]: 登录失败: 当前网络不稳定，登录失败。推荐使用常用设备或通过手机号登录。 Code: 237 
[2024-04-15 16:08:54] [WARNING]: 登录过于频繁, 请在手机QQ登录并根据提示完成认证后等一段时间重试 
[2024-04-15 16:09:16] [WARNING]: no usable sign server 
[2024-04-15 16:09:16] [WARNING]: 警告: 未配置签名服务器或签名服务器不可用, 这可能会导致登录 45 错误码或发送消息被风控 
[2024-04-15 16:09:37] [WARNING]: 检查协议更新失败: Get "https://ghproxy.com/https://raw.githubusercontent.com/RomiChan/protocol-versions/master/android_pad.json": read tcp 192.168.1.106:38608->129.151.136.35:443: read: connection reset by peer 
[2024-04-15 16:09:37] [WARNING]: 登录需要滑条验证码, 请验证后重试. 
[2024-04-15 16:09:37] [WARNING]: 请选择提交滑块ticket方式: 
[2024-04-15 16:09:37] [WARNING]: 1. 自动提交 
[2024-04-15 16:09:37] [WARNING]: 2. 手动抓取提交 
[2024-04-15 16:09:37] [WARNING]: 请输入(1 - 2)： 
[2024-04-15 16:09:41] [WARNING]: 请前往该地址验证 -> https://ti.qq.com/safe/tools/captcha/sms-verify-login?aid=16&uin=348734617&sid=4676574240019636417&cap_cd=dzI2XFf-U0JqgY0W6O1WeDjqRcM6TUUhz0tS87q3W2aJC2beAt3qFQ**&clientype=1&apptype=2  
[2024-04-15 16:09:41] [WARNING]: 请输入ticket： (Enter 提交) 
[2024-04-15 16:09:53] [WARNING]: 登录失败: 当前网络不稳定，登录失败。推荐使用常用设备或通过手机号登录。 Code: 237 
[2024-04-15 16:09:53] [WARNING]: 登录过于频繁, 请在手机QQ登录并根据提示完成认证后等一段时间重试 
